#
# There is insufficient memory for the Java Runtime Environment to continue.
# Native memory allocation (mmap) failed to map 132120576 bytes. Error detail: G1 virtual space
# Possible reasons:
#   The system is out of physical RAM or swap space
#   This process is running with CompressedOops enabled, and the Java Heap may be blocking the growth of the native heap
# Possible solutions:
#   Reduce memory load on the system
#   Increase physical memory or swap space
#   Check if swap backing store is full
#   Decrease Java heap size (-Xmx/-Xms)
#   Decrease number of Java threads
#   Decrease Java thread stack sizes (-Xss)
#   Set larger code cache with -XX:ReservedCodeCacheSize=
#   JVM is running with Unscaled Compressed Oops mode in which the Java heap is
#     placed in the first 4GB address space. The Java Heap base address is the
#     maximum limit for the native heap growth. Please use -XX:HeapBaseMinAddress
#     to set the Java Heap base and to place the Java Heap above 4GB virtual address.
# This output file may be truncated or incomplete.
#
#  Out of Memory Error (os_windows.cpp:3898), pid=11200, tid=17624
#
# JRE version:  (21.0.7+6) (build )
# Java VM: OpenJDK 64-Bit Server VM (21.0.7+6-b1038.58, mixed mode, sharing, tiered, compressed oops, compressed class ptrs, g1 gc, windows-amd64)
# No core dump will be written. Minidumps are not enabled by default on client versions of Windows
#

---------------  S U M M A R Y ------------

Command Line: git4idea.http.GitAskPassApp Username for 'https://github.com': 

Host: 11th Gen Intel(R) Core(TM) i5-1135G7 @ 2.40GHz, 8 cores, 7G,  Windows 11 , 64 bit Build 26100 (10.0.26100.4768)
Time: Sat Aug 16 22:03:39 2025 Bangladesh Standard Time elapsed time: 1.975783 seconds (0d 0h 0m 1s)

---------------  T H R E A D  ---------------

Current thread (0x0000023715833610):  JavaThread "Unknown thread" [_thread_in_vm, id=17624, stack(0x000000f2ebb00000,0x000000f2ebc00000) (1024K)]

Stack: [0x000000f2ebb00000,0x000000f2ebc00000]
Native frames: (J=compiled Java code, j=interpreted, Vv=VM code, C=native code)
V  [jvm.dll+0x6e7c19]
V  [jvm.dll+0x8c5f53]
V  [jvm.dll+0x8c84ae]
V  [jvm.dll+0x8c8b93]
V  [jvm.dll+0x2899e6]
V  [jvm.dll+0x6e4455]
V  [jvm.dll+0x6d7f1a]
V  [jvm.dll+0x3640db]
V  [jvm.dll+0x36bca6]
V  [jvm.dll+0x3be046]
V  [jvm.dll+0x3be318]
V  [jvm.dll+0x33681c]
V  [jvm.dll+0x33750b]
V  [jvm.dll+0x88d3b9]
V  [jvm.dll+0x3cb218]
V  [jvm.dll+0x876408]
V  [jvm.dll+0x45ff5e]
V  [jvm.dll+0x461c41]
C  [jli.dll+0x52ab]
C  [ucrtbase.dll+0x37b0]
C  [KERNEL32.DLL+0x2e8d7]
C  [ntdll.dll+0x3c34c]


---------------  P R O C E S S  ---------------

Threads class SMR info:
_java_thread_list=0x00007ffd8983d188, length=0, elements={
}

Java Threads: ( => current thread )
Total: 0

Other Threads:
  0x0000023717c2e740 WorkerThread "GC Thread#0"                     [id=13136, stack(0x000000f2ebc00000,0x000000f2ebd00000) (1024K)]
  0x0000023717c3ef70 ConcurrentGCThread "G1 Main Marker"            [id=7556, stack(0x000000f2ebd00000,0x000000f2ebe00000) (1024K)]
  0x0000023717c3f980 WorkerThread "G1 Conc#0"                       [id=3228, stack(0x000000f2ebe00000,0x000000f2ebf00000) (1024K)]

[error occurred during error reporting (printing all threads), id 0xc0000005, EXCEPTION_ACCESS_VIOLATION (0xc0000005) at pc=0x00007ffd88f298f7]
VM state: not at safepoint (not fully initialized)

VM Mutex/Monitor currently owned by a thread:  ([mutex/lock_event])
[0x00007ffd898b1bc8] Heap_lock - owner thread: 0x0000023715833610

Heap address: 0x0000000083600000, size: 1994 MB, Compressed Oops mode: 32-bit

CDS archive(s) mapped at: [0x0000000000000000-0x0000000000000000-0x0000000000000000), size 0, SharedBaseAddress: 0x0000000800000000, ArchiveRelocationMode: 1.
Narrow klass base: 0x0000000000000000, Narrow klass shift: 0, Narrow klass range: 0x0

GC Precious Log:
 CardTable entry size: 512
 Card Set container configuration: InlinePtr #cards 5 size 8 Array Of Cards #cards 12 size 40 Howl #buckets 4 coarsen threshold 1843 Howl Bitmap #cards 512 size 80 coarsen threshold 460 Card regions per heap region 1 cards per card region 2048

Heap:
 garbage-first heap   total 0K, used 0K [0x0000000083600000, 0x0000000100000000)
  region size 1024K, 0 young (0K), 0 survivors (0K)
 Metaspace       used 0K, committed 0K, reserved 0K
  class space    used 0K, committed 0K, reserved 0K

Heap Regions: E=young(eden), S=young(survivor), O=old, HS=humongous(starts), HC=humongous(continues), CS=collection set, F=free, TAMS=top-at-mark-start, PB=parsable bottom

Card table byte_map: [0x000002372b340000,0x000002372b730000] _byte_map_base: 0x000002372af25000

Marking Bits: (CMBitMap*) 0x0000023717c2ed50
 Bits: [0x000002372b730000, 0x000002372d658000)

GC Heap History (0 events):
No events

Dll operation events (1 events):
Event: 0.005 Loaded shared library C:\Program Files\JetBrains\PyCharm 2025.1.3.1\jbr\bin\java.dll

Deoptimization events (0 events):
No events

Classes loaded (0 events):
No events

Classes unloaded (0 events):
No events

Classes redefined (0 events):
No events

Internal exceptions (0 events):
No events

ZGC Phase Switch (0 events):
No events

VM Operations (0 events):
No events

Memory protections (0 events):
No events

Nmethod flushes (0 events):
No events

Events (0 events):
No events


Dynamic libraries:
0x00007ff622c10000 - 0x00007ff622c1a000 	C:\Program Files\JetBrains\PyCharm 2025.1.3.1\jbr\bin\java.exe
0x00007ffe4dfc0000 - 0x00007ffe4e227000 	C:\Windows\SYSTEM32\ntdll.dll
0x00007ffe4c510000 - 0x00007ffe4c5d9000 	C:\Windows\System32\KERNEL32.DLL
0x00007ffe4b950000 - 0x00007ffe4bd40000 	C:\Windows\System32\KERNELBASE.dll
0x00007ffe4b470000 - 0x00007ffe4b5bb000 	C:\Windows\System32\ucrtbase.dll
0x00007ffe31770000 - 0x00007ffe31788000 	C:\Program Files\JetBrains\PyCharm 2025.1.3.1\jbr\bin\jli.dll
0x00007ffe4be40000 - 0x00007ffe4c005000 	C:\Windows\System32\USER32.dll
0x00007ffe47c10000 - 0x00007ffe47c2b000 	C:\Program Files\JetBrains\PyCharm 2025.1.3.1\jbr\bin\VCRUNTIME140.dll
0x00007ffe4b0f0000 - 0x00007ffe4b117000 	C:\Windows\System32\win32u.dll
0x00007ffe2b9e0000 - 0x00007ffe2bc7a000 	C:\Windows\WinSxS\amd64_microsoft.windows.common-controls_6595b64144ccf1df_6.0.26100.4768_none_3e0c112ce331287c\COMCTL32.dll
0x00007ffe4c110000 - 0x00007ffe4c13b000 	C:\Windows\System32\GDI32.dll
0x00007ffe4d500000 - 0x00007ffe4d5a9000 	C:\Windows\System32\msvcrt.dll
0x00007ffe4b330000 - 0x00007ffe4b468000 	C:\Windows\System32\gdi32full.dll
0x00007ffe4b1e0000 - 0x00007ffe4b283000 	C:\Windows\System32\msvcp_win.dll
0x00007ffe4ddb0000 - 0x00007ffe4dddf000 	C:\Windows\System32\IMM32.DLL
0x00007ffe48110000 - 0x00007ffe4811c000 	C:\Program Files\JetBrains\PyCharm 2025.1.3.1\jbr\bin\vcruntime140_1.dll
0x00007ffe09050000 - 0x00007ffe090dd000 	C:\Program Files\JetBrains\PyCharm 2025.1.3.1\jbr\bin\msvcp140.dll
0x00007ffd88be0000 - 0x00007ffd899a4000 	C:\Program Files\JetBrains\PyCharm 2025.1.3.1\jbr\bin\server\jvm.dll
0x00007ffe4c450000 - 0x00007ffe4c504000 	C:\Windows\System32\ADVAPI32.dll
0x00007ffe4bd50000 - 0x00007ffe4bdf6000 	C:\Windows\System32\sechost.dll
0x00007ffe4ced0000 - 0x00007ffe4cfe8000 	C:\Windows\System32\RPCRT4.dll
0x00007ffe4c980000 - 0x00007ffe4c9f4000 	C:\Windows\System32\WS2_32.dll
0x00007ffe4af50000 - 0x00007ffe4afae000 	C:\Windows\SYSTEM32\POWRPROF.dll
0x00007ffe402e0000 - 0x00007ffe40315000 	C:\Windows\SYSTEM32\WINMM.dll
0x00007ffe401a0000 - 0x00007ffe401ab000 	C:\Windows\SYSTEM32\VERSION.dll
0x00007ffe4af30000 - 0x00007ffe4af44000 	C:\Windows\SYSTEM32\UMPDC.dll
0x00007ffe4a130000 - 0x00007ffe4a14b000 	C:\Windows\SYSTEM32\kernel.appcore.dll
0x00007ffe44e40000 - 0x00007ffe44e4a000 	C:\Program Files\JetBrains\PyCharm 2025.1.3.1\jbr\bin\jimage.dll
0x00007ffe43c70000 - 0x00007ffe43eb1000 	C:\Windows\SYSTEM32\DBGHELP.DLL
0x00007ffe4c5e0000 - 0x00007ffe4c965000 	C:\Windows\System32\combase.dll
0x00007ffe4c140000 - 0x00007ffe4c220000 	C:\Windows\System32\OLEAUT32.dll
0x00007ffe1c200000 - 0x00007ffe1c243000 	C:\Windows\SYSTEM32\dbgcore.DLL
0x00007ffe4b290000 - 0x00007ffe4b329000 	C:\Windows\System32\bcryptPrimitives.dll
0x00007ffe44dd0000 - 0x00007ffe44df0000 	C:\Program Files\JetBrains\PyCharm 2025.1.3.1\jbr\bin\java.dll

dbghelp: loaded successfully - version: 4.0.5 - missing functions: none
symbol engine: initialized successfully - sym options: 0x614 - pdb path: .;C:\Program Files\JetBrains\PyCharm 2025.1.3.1\jbr\bin;C:\Windows\SYSTEM32;C:\Windows\WinSxS\amd64_microsoft.windows.common-controls_6595b64144ccf1df_6.0.26100.4768_none_3e0c112ce331287c;C:\Program Files\JetBrains\PyCharm 2025.1.3.1\jbr\bin\server

VM Arguments:
java_command: git4idea.http.GitAskPassApp Username for 'https://github.com': 
java_class_path (initial): C:/Program Files/JetBrains/PyCharm 2025.1.3.1/plugins/vcs-git/lib/git4idea-rt.jar;C:/Program Files/JetBrains/PyCharm 2025.1.3.1/lib/externalProcess-rt.jar
Launcher Type: SUN_STANDARD

[Global flags]
     intx CICompilerCount                          = 4                                         {product} {ergonomic}
     uint ConcGCThreads                            = 2                                         {product} {ergonomic}
     uint G1ConcRefinementThreads                  = 8                                         {product} {ergonomic}
   size_t G1HeapRegionSize                         = 1048576                                   {product} {ergonomic}
    uintx GCDrainStackTargetSize                   = 64                                        {product} {ergonomic}
   size_t InitialHeapSize                          = 132120576                                 {product} {ergonomic}
   size_t MarkStackSize                            = 4194304                                   {product} {ergonomic}
   size_t MaxHeapSize                              = 2090860544                                {product} {ergonomic}
   size_t MinHeapDeltaBytes                        = 1048576                                   {product} {ergonomic}
   size_t MinHeapSize                              = 8388608                                   {product} {ergonomic}
    uintx NonNMethodCodeHeapSize                   = 5839372                                {pd product} {ergonomic}
    uintx NonProfiledCodeHeapSize                  = 122909434                              {pd product} {ergonomic}
    uintx ProfiledCodeHeapSize                     = 122909434                              {pd product} {ergonomic}
    uintx ReservedCodeCacheSize                    = 251658240                              {pd product} {ergonomic}
     bool SegmentedCodeCache                       = true                                      {product} {ergonomic}
   size_t SoftMaxHeapSize                          = 2090860544                             {manageable} {ergonomic}
     bool UseCompressedOops                        = true                           {product lp64_product} {ergonomic}
     bool UseG1GC                                  = true                                      {product} {ergonomic}
     bool UseLargePagesIndividualAllocation        = false                                  {pd product} {ergonomic}

Logging:
Log output configuration:
 #0: stdout all=warning uptime,level,tags foldmultilines=false
 #1: stderr all=off uptime,level,tags foldmultilines=false

Environment Variables:
PATH=C:\Program Files\Git\mingw64\libexec\git-core;C:\Program Files\Git\mingw64\libexec\git-core;C:\Program Files\Git\mingw64\bin;C:\Program Files\Git\usr\bin;C:\Users\afrid\bin;C:\Users\afrid\PycharmProjects\JupyterProject\.venv\Scripts;C:\Program Files\Git\usr\bin;C:\Users\afrid\AppData\Local\Microsoft\WindowsApps;C:\Users\afrid\AppData\Local\Programs\Microsoft VS Code\bin;C:\Users\afrid\.dotnet\tools;C:\src\flutter\flutter\bin
USERNAME=afrid
DISPLAY=:0.0
LC_ALL=en_US.UTF-8
TERM=xterm-256color
TMPDIR=C:\Users\afrid\AppData\Local\Temp
OS=Windows_NT
PROCESSOR_IDENTIFIER=Intel64 Family 6 Model 140 Stepping 1, GenuineIntel
TMP=C:\Users\afrid\AppData\Local\Temp
TEMP=C:\Users\afrid\AppData\Local\Temp




Periodic native trim disabled

JNI global refs:
JNI global refs: 0, weak refs: 0

JNI global refs memory usage: 0, weak refs: 0

Process memory usage:
Resident Set Size: 12900K (0% of 8166712K total physical memory with 932992K free physical memory)

OOME stack traces (most recent first):
Classloader memory used:

---------------  S Y S T E M  ---------------

OS:
 Windows 11 , 64 bit Build 26100 (10.0.26100.4768)
OS uptime: 0 days 1:42 hours

CPU: total 8 (initial active 8) (4 cores per cpu, 2 threads per core) family 6 model 140 stepping 1 microcode 0xba, cx8, cmov, fxsr, ht, mmx, 3dnowpref, sse, sse2, sse3, ssse3, sse4.1, sse4.2, popcnt, lzcnt, tsc, tscinvbit, avx, avx2, aes, erms, clmul, bmi1, bmi2, adx, avx512f, avx512dq, avx512cd, avx512bw, avx512vl, sha, fma, vzeroupper, avx512_vpopcntdq, avx512_vpclmulqdq, avx512_vaes, avx512_vnni, clflush, clflushopt, clwb, avx512_vbmi2, avx512_vbmi, rdtscp, rdpid, fsrm, gfni, avx512_bitalg, f16c, pku, cet_ibt, cet_ss, avx512_ifma
Processor Information for the first 8 processors :
  Max Mhz: 2419, Current Mhz: 2419, Mhz Limit: 2419

Memory: 4k page, system-wide physical 7975M (911M free)
TotalPageFile size 15835M (AvailPageFile size 138M)
current process WorkingSet (physical memory assigned to process): 12M, peak: 12M
current process commit charge ("private bytes"): 60M, peak: 186M

vm_info: OpenJDK 64-Bit Server VM (21.0.7+6-b1038.58) for windows-amd64 JRE (21.0.7+6-b1038.58), built on 2025-07-07 by "builduser" with MS VC++ 16.10 / 16.11 (VS2019)

END.
